




    1
    1    1
    1    2    1
    2    3    2    1
    2    3    4    2    1
    2    4    5    4    2    1
    3    5    6    6    4    2    1
    3    6    7    8    6    4    2    1
    3    6    8    9    9    6    4    2    1
    4    7   10   11   11    9    6    4    2    1
    4    8   11   12   13   12    9    6    4    2    1
    4    9   12   14   15   15   12    9    6    4    2    1
    5    9   13   16   17   17   16   12    9    6    4    2    1
    5   10   14   18   19   20   19   16   12    9    6    4    2    1
    5   11   16   19   21   22   22   20   16   12    9    6    4    2    1
    6   12   17   21   24   25   25   24   20   16   12    9    6    4    2    1
    6   12   18   22   26   27   28   27   25   20   16   12    9    6    4    2    1
    6   13   19   24   28   30   31   31   29   25   20   16   12    9    6    4    2    1
    7   14   20   26   30   33   34   34   33   30   25   20   16   12    9    6    4    2    1
    7   15   22   28   32   36   37   38   37   35   30   25   20   16   12    9    6    4    2    1
    7   15   23   29   34   38   40   41   41   39   36   30   25   20   16   12    9    6    4    2    1
    8   16   24   31   36   41   44   45   45   44   41   36   30   25   20   16   12    9    6    4    2    1
    8   17   25   32   39   43   47   48   49   48   46   42   36   30   25   20   16   12    9    6    4    2    1
    8   18   26   34   41   46   50   52   53   53   51   48   42   36   30   25   20   16   12    9    6    4    2    1
    9   18   28   36   43   48   53   56   57   57   56   53   49   42   36   30   25   20   16   12    9    6    4    2    1
    9   19   29   38   45   51   56   60   61   62   61   59   55   49   42   36   30   25   20   16   12    9    6    4    2    1
    9   20   30   39   47   54   59   63   65   66   66   64   61   56   49   42   36   30   25   20   16   12    9    6    4    2    1
   10   21   31   41   49   57   62   67   70   71   71   70   67   63   56   49   42   36   30   25   20   16   12    9    6    4    2    1
   10   21   32   42   51   59   65   70   74   75   76   75   73   69   64   56   49   42   36   30   25   20   16   12    9    6    4    2    1
   10   22   34   44   54   62   68   74   78   80   81   81   79   76   71   64   56   49   42   36   30   25   20   16   12    9    6    4    2    1
   11   23   35   46   56   64   72   77   82   85   86   86   85   82   78   72   64   56   49   42   36   30   25   20   16   12    9    6    4    2    1
   11   24   36   48   58   67   75   81   86   90   91   92   91   89   85   80   72   64   56   49   42   36   30   25   20   16   12    9    6    4    2    1
   11   24   37   49   60   69   78   84   90   94   96   97   97   95   92   87   81   72   64   56   49   42   36   30   25   20   16   12    9    6    4    2    1
   12   25   38   51   62   72   81   88   94   99  102  103  103  102   99   95   89   81   72   64   56   49   42   36   30   25   20   16   12    9    6    4    2    1
   12   26   40   52   64   75   84   92   98  103  107  108  109  108  106  102   97   90   81   72   64   56   49   42   36   30   25   20   16   12    9    6    4    2    1
   12   27   41   54   66   78   87   96  102  108  112  114  115  115  113  110  105   99   90   81   72   64   56   49   42   36   30   25   20   16   12    9    6    4    2    1
   13   27   42   56   69   80   90   99  106  112  117  120  121  121  120  117  113  107  100   90   81   72   64   56   49   42   36   30   25   20   16   12    9    6    4    2    1
   13   28   43   58   71   83   93  103  110  117  122  126  127  128  127  125  121  116  109  100   90   81   72   64   56   49   42   36   30   25   20   16   12    9    6    4    2    1
   13   29   44   59   73   85   96  106  115  121  127  131  133  134  134  132  129  124  118  110  100   90   81   72   64   56   49   42   36   30   25   20   16   12    9    6    4    2    1
   14   30   46   61   75   88  100  110  119  126  132  137  140  141  141  140  137  133  127  120  110  100   90   81   72   64   56   49   42   36   30   25   20   16   12    9    6    4    2    1
   14   30   47   62   77   90  103  113  123  130  137  142  146  147  148  147  145  141  136  129  121  110  100   90   81   72   64   56   49   42   36   30   25   20   16   12    9    6    4    2    1
   14   31   48   64   79   93  106  117  127  135  142  148  152  154  155  155  153  150  145  139  131  121  110  100   90   81   72   64   56   49   42   36   30   25   20   16   12    9    6    4    2    1
   15   32   49   66   81   96  109  120  131  140  147  153  158  161  162  162  161  158  154  148  141  132  121  110  100   90   81   72   64   56   49   42   36   30   25   20   16   12    9    6    4    2    1
   15   33   50   68   84   99  112  124  135  145  152  159  164  168  169  170  169  167  163  158  151  143  132  121  110  100   90   81   72   64   56   49   42   36   30   25   20   16   12    9    6    4    2    1
   15   33   52   69   86  101  115  128  139  149  157  164  170  174  176  177  177  175  172  167  161  153  144  132  121  110  100   90   81   72   64   56   49   42   36   30   25   20   16   12    9    6    4    2    1
   16   34   53   71   88  104  118  132  143  154  162  170  176  181  184  185  185  184  181  177  171  164  155  144  132  121  110  100   90   81   72   64   56   49   42   36   30   25   20   16   12    9    6    4    2    1
   16   35   54   72   90  106  121  135  147  158  168  175  182  187  191  192  193  192  190  186  181  174  166  156  144  132  121  110  100   90   81   72   64   56   49   42   36   30   25   20   16   12    9    6    4    2    1
   16   36   55   74   92  109  124  139  151  163  173  181  188  194  198  200  201  201  199  196  191  185  177  168  156  144  132  121  110  100   90   81   72   64   56   49   42   36   30   25   20   16   12    9    6    4    2    1
   17   36   56   76   94  111  128  142  155  167  178  186  194  200  205  208  209  209  208  205  201  195  188  179  169  156  144  132  121  110  100   90   81   72   64   56   49   42   36   30   25   20   16   12    9    6    4    2    1
   17   37   58   78   96  114  131  146  160  172  183  192  200  207  212  216  217  218  217  215  211  206  199  191  181  169  156  144  132  121  110  100   90   81   72   64   56   49   42   36   30   25   20   16   12    9    6    4    2    1
   17   38   59   79   99  117  134  149  164  176  188  198  206  213  219  223  225  226  226  224  221  216  210  202  193  182  169  156  144  132  121  110  100   90   81   72   64   56   49   42   36   30   25   20   16   12    9    6    4    2    1
   18   39   60   81  101  120  137  153  168  181  193  204  212  220  226  231  234  235  235  234  231  227  221  214  205  195  182  169  156  144  132  121  110  100   90   81   72   64   56   49   42   36   30   25   20   16   12    9    6    4    2    1
   18   39   61   82  103  122  140  156  172  185  198  209  218  226  233  238  242  243  244  243  241  237  232  225  217  207  196  182  169  156  144  132  121  110  100   90   81   72   64   56   49   42   36   30   25   20   16   12    9    6    4    2    1
   18   40   62   84  105  125  143  160  176  190  203  215  224  233  240  246  250  252  253  253  251  248  243  237  229  220  209  196  182  169  156  144  132  121  110  100   90   81   72   64   56   49   42   36   30   25   20   16   12    9    6    4    2    1
   19   41   64   86  107  127  146  164  180  195  208  220  231  239  247  253  258  261  262  262  261  258  254  248  241  232  222  210  196  182  169  156  144  132  121  110  100   90   81   72   64   56   49   42   36   30   25   20   16   12    9    6    4    2    1
   19   42   65   88  109  130  149  168  184  200  213  226  237  246  254  261  266  270  271  272  271  269  265  260  253  245  235  224  210  196  182  169  156  144  132  121  110  100   90   81   72   64   56   49   42   36   30   25   20   16   12    9    6    4    2    1
   19   42   66   89  111  132  152  171  188  204  218  231  243  252  261  268  274  278  280  281  281  279  276  271  265  257  248  237  225  210  196  182  169  156  144  132  121  110  100   90   81   72   64   56   49   42   36   30   25   20   16   12    9    6    4    2    1
   20   43   67   91  114  135  156  175  192  209  223  237  249  259  268  276  282  287  290  291  291  290  287  283  277  270  261  251  239  225  210  196  182  169  156  144  132  121  110  100   90   81   72   64   56   49   42   36   30   25   20   16   12    9    6    4    2    1
   20   44   68   92  116  138  159  178  196  213  228  242  255  266  275  283  290  295  299  300  301  300  298  294  289  282  274  264  253  240  225  210  196  182  169  156  144  132  121  110  100   90   81   72   64   56   49   42   36   30   25   20   16   12    9    6    4    2    1
   20   45   70   94  118  141  162  182  200  218  234  248  261  273  282  291  298  304  308  310  311  311  309  306  301  295  287  278  267  255  240  225  210  196  182  169  156  144  132  121  110  100   90   81   72   64   56   49   42   36   30   25   20   16   12    9    6    4    2    1
   21   45   71   96  120  143  165  185  205  222  239  253  267  279  289  298  306  312  317  320  321  321  320  317  313  307  300  291  281  269  256  240  225  210  196  182  169  156  144  132  121  110  100   90   81   72   64   56   49   42   36   30   25   20   16   12    9    6    4    2    1
   21   46   72   98  122  146  168  189  209  227  244  259  273  286  296  306  314  321  326  330  331  332  331  329  325  320  313  305  295  284  271  256  240  225  210  196  182  169  156  144  132  121  110  100   90   81   72   64   56   49   42   36   30   25   20   16   12    9    6    4    2    1
   21   47   73   99  124  148  171  192  213  231  249  264  279  292  304  313  322  329  335  339  341  342  342  340  337  332  326  318  309  298  286  272  256  240  225  210  196  182  169  156  144  132  121  110  100   90   81   72   64   56   49   42   36   30   25   20   16   12    9    6    4    2    1
   22   48   74  101  126  151  174  196  217  236  254  270  285  299  311  321  330  338  344  349  352  353  353  352  349  345  339  332  323  313  301  288  272  256  240  225  210  196  182  169  156  144  132  121  110  100   90   81   72   64   56   49   42   36   30   25   20   16   12    9    6    4    2    1
   22   48   76  102  129  153  177  200  221  240  259  276  291  305  318  328  338  346  353  358  362  363  364  363  361  357  352  345  337  327  316  303  289  272  256  240  225  210  196  182  169  156  144  132  121  110  100   90   81   72   64   56   49   42   36   30   25   20   16   12    9    6    4    2    1
   22   49   77  104  131  156  180  204  225  245  264  282  297  312  325  336  346  355  362  368  372  374  375  375  373  370  365  359  351  342  331  319  305  289  272  256  240  225  210  196  182  169  156  144  132  121  110  100   90   81   72   64   56   49   42   36   30   25   20   16   12    9    6    4    2    1
   23   50   78  106  133  159  184  207  229  250  269  287  303  318  332  344  354  363  371  377  382  385  386  386  385  382  378  372  365  356  346  334  321  306  289  272  256  240  225  210  196  182  169  156  144  132  121  110  100   90   81   72   64   56   49   42   36   30   25   20   16   12    9    6    4    2    1
   23   51   79  108  135  162  187  211  233  255  274  293  309  325  339  352  362  372  380  387  392  396  397  398  397  395  391  386  379  371  361  350  337  323  306  289  272  256  240  225  210  196  182  169  156  144  132  121  110  100   90   81   72   64   56   49   42   36   30   25   20   16   12    9    6    4    2    1
   23   51   80  109  137  164  190  214  237  259  279  298  315  331  346  359  370  380  389  396  402  406  408  409  409  407  404  399  393  385  376  365  353  339  324  306  289  272  256  240  225  210  196  182  169  156  144  132  121  110  100   90   81   72   64   56   49   42   36   30   25   20   16   12    9    6    4    2    1
   24   52   82  111  139  167  193  218  241  264  284  304  322  338  353  367  378  389  398  406  412  417  420  421  421  420  417  413  407  400  391  381  369  356  341  324  306  289  272  256  240  225  210  196  182  169  156  144  132  121  110  100   90   81   72   64   56   49   42   36   30   25   20   16   12    9    6    4    2    1
   24   53   83  112  141  169  196  221  245  268  289  309  328  344  360  374  387  397  407  415  422  427  431  432  433  432  430  426  421  414  406  396  385  372  358  342  324  306  289  272  256  240  225  210  196  182  169  156  144  132  121  110  100   90   81   72   64   56   49   42   36   30   25   20   16   12    9    6    4    2    1
   24   54   84  114  144  172  199  225  250  273  294  315  334  351  367  382  395  406  416  425  432  438  442  444  445  445  443  440  435  429  421  412  401  389  375  360  342  324  306  289  272  256  240  225  210  196  182  169  156  144  132  121  110  100   90   81   72   64   56   49   42   36   30   25   20   16   12    9    6    4    2    1
   25   54   85  116  146  174  202  228  254  277  300  320  340  357  374  389  403  414  425  434  442  448  453  456  457  457  456  453  449  443  436  427  417  405  392  377  361  342  324  306  289  272  256  240  225  210  196  182  169  156  144  132  121  110  100   90   81   72   64   56   49   42   36   30   25   20   16   12    9    6    4    2    1
   25   55   86  118  148  177  205  232  258  282  305  326  346  364  381  397  411  423  434  444  452  459  464  468  469  470  469  467  463  458  451  443  433  422  409  395  379  361  342  324  306  289  272  256  240  225  210  196  182  169  156  144  132  121  110  100   90   81   72   64   56   49   42   36   30   25   20   16   12    9    6    4    2    1
   25   56   88  119  150  180  208  236  262  286  310  331  352  371  388  404  419  432  443  453  462  469  475  479  481  482  482  480  477  472  466  458  449  438  426  412  397  380  361  342  324  306  289  272  256  240  225  210  196  182  169  156  144  132  121  110  100   90   81   72   64   56   49   42   36   30   25   20   16   12    9    6    4    2    1
   26   57   89  121  152  183  212  240  266  291  315  337  358  378  395  412  427  441  452  463  472  480  486  491  494  495  495  494  491  487  481  474  465  455  443  430  415  399  380  361  342  324  306  289  272  256  240  225  210  196  182  169  156  144  132  121  110  100   90   81   72   64   56   49   42   36   30   25   20   16   12    9    6    4    2    1
   26   57   90  122  154  185  215  243  270  295  320  342  364  384  402  419  435  449  461  472  482  490  497  502  506  507  508  507  505  501  496  489  481  471  460  447  433  417  400  380  361  342  324  306  289  272  256  240  225  210  196  182  169  156  144  132  121  110  100   90   81   72   64   56   49   42   36   30   25   20   16   12    9    6    4    2    1
   26   58   91  124  156  188  218  247  274  300  325  348  370  391  409  427  443  458  470  482  492  501  508  514  518  520  521  521  519  516  511  505  497  488  477  465  451  436  419  400  380  361  342  324  306  289  272  256  240  225  210  196  182  169  156  144  132  121  110  100   90   81   72   64   56   49   42   36   30   25   20   16   12    9    6    4    2    1
   27   59   92  126  159  190  221  250  278  305  330  354  376  397  416  434  451  466  480  491  502  511  519  525  530  533  534  534  533  530  526  520  513  504  494  482  469  454  438  420  400  380  361  342  324  306  289  272  256  240  225  210  196  182  169  156  144  132  121  110  100   90   81   72   64   56   49   42   36   30   25   20   16   12    9    6    4    2    1
   27   60   94  128  161  193  224  254  282  310  335  360  382  404  424  442  459  475  489  501  512  522  530  537  542  546  547  548  547  545  541  536  529  521  511  500  487  473  457  440  420  400  380  361  342  324  306  289  272  256  240  225  210  196  182  169  156  144  132  121  110  100   90   81   72   64   56   49   42   36   30   25   20   16   12    9    6    4    2    1
   27   60   95  129  163  195  227  257  286  314  340  365  388  410  431  449  467  483  498  510  522  532  541  548  554  558  560  561  561  559  556  551  545  537  528  517  505  491  476  459  441  420  400  380  361  342  324  306  289  272  256  240  225  210  196  182  169  156  144  132  121  110  100   90   81   72   64   56   49   42   36   30   25   20   16   12    9    6    4    2    1
   28   61   96  131  165  198  230  261  290  319  345  371  394  417  438  457  475  492  507  520  532  543  552  560  566  571  574  575  575  574  571  567  561  554  545  535  523  510  495  479  461  441  420  400  380  361  342  324  306  289  272  256  240  225  210  196  182  169  156  144  132  121  110  100   90   81   72   64   56   49   42   36   30   25   20   16   12    9    6    4    2    1
   28   62   97  132  167  201  233  264  295  323  350  376  400  423  445  464  483  500  516  530  542  553  563  571  578  583  587  588  589  588  586  582  577  570  562  552  541  528  514  498  481  462  441  420  400  380  361  342  324  306  289  272  256  240  225  210  196  182  169  156  144  132  121  110  100   90   81   72   64   56   49   42   36   30   25   20   16   12    9    6    4    2    1
   28   63   98  134  169  204  236  268  299  328  355  382  406  430  452  472  491  509  525  540  552  564  574  583  590  596  600  602  603  603  601  598  593  587  579  570  559  547  533  518  501  483  462  441  420  400  380  361  342  324  306  289  272  256  240  225  210  196  182  169  156  144  132  121  110  100   90   81   72   64   56   49   42   36   30   25   20   16   12    9    6    4    2    1
   29   63  100  136  171  206  240  272  303  332  360  387  413  436  459  480  499  517  534  549  562  574  585  594  602  608  613  616  617  617  616  613  609  603  596  587  577  565  552  537  521  503  484  462  441  420  400  380  361  342  324  306  289  272  256  240  225  210  196  182  169  156  144  132  121  110  100   90   81   72   64   56   49   42   36   30   25   20   16   12    9    6    4    2    1
   29   64  101  138  174  209  243  276  307  337  366  393  419  443  466  488  507  526  543  559  572  585  596  606  614  621  626  630  631  632  631  629  625  620  613  605  595  584  571  557  541  524  505  484  462  441  420  400  380  361  342  324  306  289  272  256  240  225  210  196  182  169  156  144  132  121  110  100   90   81   72   64   56   49   42   36   30   25   20   16   12    9    6    4    2    1
   29   65  102  139  176  211  246  279  311  341  371  398  425  449  473  495  515  534  552  568  583  595  607  617  626  633  639  643  645  646  646  644  641  636  630  622  613  602  590  576  561  544  526  506  484  462  441  420  400  380  361  342  324  306  289  272  256  240  225  210  196  182  169  156  144  132  121  110  100   90   81   72   64   56   49   42   36   30   25   20   16   12    9    6    4    2    1
   30   66  103  141  178  214  249  283  315  346  376  404  431  456  480  503  523  543  561  578  593  606  618  629  638  646  652  657  660  661  661  660  657  653  647  640  631  621  609  596  581  565  547  528  506  484  462  441  420  400  380  361  342  324  306  289  272  256  240  225  210  196  182  169  156  144  132  121  110  100   90   81   72   64   56   49   42   36   30   25   20   16   12    9    6    4    2    1
   30   66  104  142  180  216  252  286  319  350  381  409  437  462  487  510  531  551  570  587  603  616  629  640  650  658  665  670  674  675  676  675  673  669  664  657  649  639  628  615  601  585  568  549  529  506  484  462  441  420  400  380  361  342  324  306  289  272  256  240  225  210  196  182  169  156  144  132  121  110  100   90   81   72   64   56   49   42   36   30   25   20   16   12    9    6    4    2    1
   30   67  106  144  182  219  255  290  323  355  386  415  443  469  494  518  540  560  579  597  613  627  640  652  662  671  678  684  688  690  691  691  689  686  681  675  667  658  647  635  621  606  589  571  551  529  506  484  462  441  420  400  380  361  342  324  306  289  272  256  240  225  210  196  182  169  156  144  132  121  110  100   90   81   72   64   56   49   42   36   30   25   20   16   12    9    6    4    2    1
   31   68  107  146  184  222  258  293  327  360  391  420  449  476  501  525  548  568  588  606  623  638  651  663  674  683  691  697  702  705  706  706  705  702  698  692  685  676  666  654  641  626  610  592  573  552  529  506  484  462  441  420  400  380  361  342  324  306  289  272  256  240  225  210  196  182  169  156  144  132  121  110  100   90   81   72   64   56   49   42   36   30   25   20   16   12    9    6    4    2    1
   31   69  108  148  186  225  261  297  331  365  396  426  455  483  508  533  556  577  597  616  633  649  662  675  686  696  704  711  716  720  721  722  721  719  715  710  703  695  685  674  661  647  631  614  595  575  552  529  506  484  462  441  420  400  380  361  342  324  306  289  272  256  240  225  210  196  182  169  156  144  132  121  110  100   90   81   72   64   56   49   42   36   30   25   20   16   12    9    6    4    2    1
   31   69  109  149  189  227  264  300  335  369  401  432  461  489  515  540  564  585  606  625  643  659  673  686  698  708  717  724  730  734  736  737  737  735  732  727  721  713  704  693  681  667  652  635  617  597  576  552  529  506  484  462  441  420  400  380  361  342  324  306  289  272  256  240  225  210  196  182  169  156  144  132  121  110  100   90   81   72   64   56   49   42   36   30   25   20   16   12    9    6    4    2    1
   32   70  110  151  191  230  268  304  340  374  406  438  467  496  522  548  572  594  615  635  653  670  684  698  710  721  730  738  744  749  752  753  753  752  749  745  739  732  723  713  701  688  673  657  639  620  599  576  552  529  506  484  462  441  420  400  380  361  342  324  306  289  272  256  240  225  210  196  182  169  156  144  132  121  110  100   90   81   72   64   56   49   42   36   30   25   20   16   12    9    6    4    2    1
