1 4 2 4 4 2 4 4 2 4 4 2 4 4 2 4 4 2 4 4 2 4 4 2 4 4 2 4 4 2 4 4 2 4 4 2 4 4 2 4 4 2 4 4 2 4 4 2 4 4 2 4 4 2 4 4 2 4 4 2 4 4 2 4 4 2 4 4 2 4 4 2 4 4 2 4 4 2 4 4 2 4 4 2 4 4 2 4 4 2 4 4 2 4 4 2 4 4 2 4 4 2 4 4 2 4 4 2 4 4 2 4 4 2 4 4 2 4 4 2 4 4 2 4 4 2 4 4 2 4 4 2 4 4 2 4 4 2 4 4 2 4 4 2 4 4 2 4 4 2 4 4 2 4 4 2 4 4 2 4 4 2 4 4 2 4 4 2 4 4 2 4 4 2 4 4 2 4 4 2 4 4 2 4 4 2 4 4 2 4 4 2 4 4 2 4 4 2 4 4 2 4 4 2 4 4 2 4 4 2 4 4 2 4 4 2 4 4 2 4 4 2 4 4 2 4 4 2 4 4 2 4 4 2 4 4 2 4 4 2 4 4 2 4 4 2 4 4 2 4 4 2 4 4 2 4 4 2 4 4 2 4 4 2 4 4 2 4 4 2 4 4 2 4 4 2 4 4 2 4 4 2 4 4 2 4 4 2 4 4 2 4 4 2 4 4 2 4 4 2 


1 5 2 4 5 2 4 5 2 4 5 2 4 5 2 4 5 2 4 5 2 4 5 2 4 5 2 4 5 2 4 5 2 4 5 2 4 5 2 4 5 2 4 5 2 4 5 2 4 5 2 4 5 2 4 5 2 4 5 2 4 5 2 4 5 2 4 5 2 4 5 2 4 5 2 4 5 2 4 5 2 4 5 2 4 5 2 4 5 2 4 5 2 4 5 2 4 5 2 4 5 2 4 5 2 4 5 2 4 5 2 4 5 2 4 5 2 4 5 2 4 5 2 4 5 2 4 5 2 4 5 2 4 5 2 4 5 2 4 5 2 4 5 2 4 5 2 4 5 2 4 5 2 4 5 2 4 5 2 4 5 2 4 5 2 4 5 2 4 5 2 4 5 2 4 5 2 4 5 2 4 5 2 4 5 2 4 5 2 4 5 2 4 5 2 4 5 2 4 5 2 4 5 2 4 5 2 4 5 2 4 5 2 4 5 2 4 5 2 4 5 2 4 5 2 4 5 2 4 5 2 4 5 2 4 5 2 4 5 2 4 5 2 4 5 2 4 5 2 4 5 2 4 5 2 4 5 2 4 5 2 4 5 2 4 5 2 4 5 2 4 5 2 


1 6 2 4 6 2 6 2 4 6 2 6 2 4 6 2 6 2 4 6 2 6 2 4 6 2 6 2 4 6 2 6 2 4 6 2 6 2 4 6 2 6 2 4 6 2 6 2 4 6 2 6 2 4 6 2 6 2 4 6 2 6 2 4 6 2 6 2 4 6 2 6 2 4 6 2 6 2 4 6 2 6 2 4 6 2 6 2 4 6 2 6 2 4 6 2 6 2 4 6 2 6 2 4 6 2 6 2 4 6 2 6 2 4 6 2 6 2 4 6 2 6 2 4 6 2 6 2 4 6 2 6 2 4 6 2 6 2 4 6 2 6 2 4 6 2 6 2 4 6 2 6 2 4 6 2 6 2 4 6 2 6 2 4 6 2 6 2 4 6 2 6 2 4 6 2 6 2 4 6 2 6 2 4 6 2 6 2 4 6 2 6 2 4 6 2 6 2 4 6 2 6 2 4 6 2 6 2 4 6 2 6 2 4 6 2 6 2 4 6 2 6 2 4 6 2 6 2 4 6 2 6 2 4 6 2 6 2 4 6 2 6 2 4 6 2 6 2 4 6 


1 7 2 4 7 2 7 2 4 7 2 7 2 4 7 2 7 2 4 7 2 7 2 4 7 2 7 2 4 7 2 7 2 4 7 2 7 2 4 7 2 7 2 4 7 2 7 2 4 7 2 7 2 4 7 2 7 2 4 7 2 7 2 4 7 2 7 2 4 7 2 7 2 4 7 2 7 2 4 7 2 7 2 4 7 2 7 2 4 7 2 7 2 4 7 2 7 2 4 7 2 7 2 4 7 2 7 2 4 7 2 7 2 4 7 2 7 2 4 7 2 7 2 4 7 2 7 2 4 7 2 7 2 4 7 2 7 2 4 7 2 7 2 4 7 2 7 2 4 7 2 7 2 4 7 2 7 2 4 7 2 7 2 4 7 2 7 2 4 7 2 7 2 4 7 2 7 2 4 7 2 7 2 4 7 2 7 2 4 7 2 7 2 4 7 2 7 2 4 7 2 7 2 4 7 2 7 2 4 7 2 7 2 4 7 2 7 2 4 7 2 7 2 4 7 2 7 2 


1 8 2 4 8 8 2 4 8 8 2 4 8 8 2 4 8 8 2 4 8 8 2 4 8 8 2 4 8 8 2 4 8 8 2 4 8 8 2 4 8 8 2 4 8 8 2 4 8 8 2 4 8 8 2 4 8 8 2 4 8 8 2 4 8 8 2 4 8 8 2 4 8 8 2 4 8 8 2 4 8 8 2 4 8 8 2 4 8 8 2 4 8 8 2 4 8 8 2 4 8 8 2 4 8 8 2 4 8 8 2 4 8 8 2 4 8 8 2 4 8 8 2 4 8 8 2 4 8 8 2 4 8 8 2 4 8 8 2 4 8 8 2 4 8 8 2 4 8 8 2 4 8 8 2 4 8 8 2 4 8 8 2 4 8 8 2 4 8 8 2 4 8 8 2 4 8 8 2 4 8 8 


1 9 2 4 8 9 2 4 8 9 2 4 8 9 2 4 8 9 2 4 8 9 2 4 8 9 2 4 8 9 2 4 8 9 2 4 8 9 2 4 8 9 2 4 8 9 2 4 8 9 2 4 8 9 2 4 8 9 2 4 8 9 2 4 8 9 2 4 8 9 2 4 8 9 2 4 8 9 2 4 8 9 2 4 8 9 2 4 8 9 2 4 8 9 2 4 8 9 2 4 8 9 2 4 8 9 2 4 8 9 2 4 8 9 2 4 8 9 2 4 8 9 2 4 8 9 2 4 8 9 2 4 8 9 2 4 8 9 2 4 8 9 2 4 8 9 2 4 8 9 2 4 8 9 2 4 8 9 2 4 8 9 2 4 8 9 2 4 8 9 2 4 8 9 


1 10 2 4 8 10 2 4 10 2 4 8 10 2 4 10 2 4 8 10 2 4 10 2 4 8 10 2 4 10 2 4 8 10 2 4 10 2 4 8 10 2 4 10 2 4 8 10 2 4 10 2 4 8 10 2 4 10 2 4 8 10 2 4 10 2 4 8 10 2 4 10 2 4 8 10 2 4 10 2 4 8 10 2 4 10 2 4 8 10 2 4 10 2 4 8 10 2 4 10 2 4 8 10 2 4 10 2 4 8 10 2 4 10 2 4 8 10 2 4 10 2 4 8 10 2 4 10 2 4 8 10 2 4 10 2 4 8 10 2 4 10 2 4 8 10 2 4 10 2 4 8 10 2 4 10 2 4 8 10 2 4 10 2 4 8 10 2 4 10 2 4 8 10 2 


1 11 2 4 8 11 2 4 11 2 4 8 11 2 4 11 2 4 8 11 2 4 11 2 4 8 11 2 4 11 2 4 8 11 2 4 11 2 4 8 11 2 4 11 2 4 8 11 2 4 11 2 4 8 11 2 4 11 2 4 8 11 2 4 11 2 4 8 11 2 4 11 2 4 8 11 2 4 11 2 4 8 11 2 4 11 2 4 8 11 2 4 11 2 4 8 11 2 4 11 2 4 8 11 2 4 11 2 4 8 11 2 4 11 2 4 8 11 2 4 11 2 4 8 11 2 4 11 2 4 8 11 2 4 11 2 4 8 11 2 4 11 2 4 8 11 2 4 11 2 4 8 11 2 4 11 2 4 8 11 2 4 11 2 4 8 


1 12 2 4 8 12 2 4 12 2 4 8 12 2 4 12 2 4 8 12 2 4 12 2 4 8 12 2 4 12 2 4 8 12 2 4 12 2 4 8 12 2 4 12 2 4 8 12 2 4 12 2 4 8 12 2 4 12 2 4 8 12 2 4 12 2 4 8 12 2 4 12 2 4 8 12 2 4 12 2 4 8 12 2 4 12 2 4 8 12 2 4 12 2 4 8 12 2 4 12 2 4 8 12 2 4 12 2 4 8 12 2 4 12 2 4 8 12 2 4 12 2 4 8 12 2 4 12 2 4 8 12 2 4 12 2 4 8 12 2 4 12 2 4 8 12 2 4 12 2 4 8 12 2 4 12 2 4 8 


1 13 2 4 8 13 2 4 13 2 4 8 13 2 4 13 2 4 8 13 2 4 13 2 4 8 13 2 4 13 2 4 8 13 2 4 13 2 4 8 13 2 4 13 2 4 8 13 2 4 13 2 4 8 13 2 4 13 2 4 8 13 2 4 13 2 4 8 13 2 4 13 2 4 8 13 2 4 13 2 4 8 13 2 4 13 2 4 8 13 2 4 13 2 4 8 13 2 4 13 2 4 8 13 2 4 13 2 4 8 13 2 4 13 2 4 8 13 2 4 13 2 4 8 13 2 4 13 2 4 8 13 2 4 13 2 4 8 13 2 4 13 2 4 8 13 2 4 13 2 4 8 


1 14 2 4 8 14 2 14 2 4 8 14 2 14 2 4 8 14 2 14 2 4 8 14 2 14 2 4 8 14 2 14 2 4 8 14 2 14 2 4 8 14 2 14 2 4 8 14 2 14 2 4 8 14 2 14 2 4 8 14 2 14 2 4 8 14 2 14 2 4 8 14 2 14 2 4 8 14 2 14 2 4 8 14 2 14 2 4 8 14 2 14 2 4 8 14 2 14 2 4 8 14 2 14 2 4 8 14 2 14 2 4 8 14 2 14 2 4 8 14 2 14 2 4 8 14 2 14 2 4 8 14 2 14 2 4 8 


1 15 2 4 8 15 2 15 2 4 8 15 2 15 2 4 8 15 2 15 2 4 8 15 2 15 2 4 8 15 2 15 2 4 8 15 2 15 2 4 8 15 2 15 2 4 8 15 2 15 2 4 8 15 2 15 2 4 8 15 2 15 2 4 8 15 2 15 2 4 8 15 2 15 2 4 8 15 2 15 2 4 8 15 2 15 2 4 8 15 2 15 2 4 8 15 2 15 2 4 8 15 2 15 2 4 8 15 2 15 2 4 8 15 2 15 2 4 8 15 2 15 2 4 8 15 2 15 2 4 8 


1 16 2 4 8 16 16 2 4 8 16 16 2 4 8 16 16 2 4 8 16 16 2 4 8 16 16 2 4 8 16 16 2 4 8 16 16 2 4 8 16 16 2 4 8 16 16 2 4 8 16 16 2 4 8 16 16 2 4 8 16 16 2 4 8 16 16 2 4 8 16 16 2 4 8 16 16 2 4 8 16 16 2 4 8 16 16 2 4 8 16 16 2 4 8 16 16 2 4 8 16 16 2 4 8 16 16 2 4 8 


1 17 2 4 8 16 17 2 4 8 16 17 2 4 8 16 17 2 4 8 16 17 2 4 8 16 17 2 4 8 16 17 2 4 8 16 17 2 4 8 16 17 2 4 8 16 17 2 4 8 16 17 2 4 8 16 17 2 4 8 16 17 2 4 8 16 17 2 4 8 16 17 2 4 8 16 17 2 4 8 16 17 2 4 8 16 17 2 4 8 16 17 2 4 8 16 17 2 4 8 16 17 2 4 8 16 


1 18 2 4 8 16 18 2 4 8 18 2 4 8 16 18 2 4 8 18 2 4 8 16 18 2 4 8 18 2 4 8 16 18 2 4 8 18 2 4 8 16 18 2 4 8 18 2 4 8 16 18 2 4 8 18 2 4 8 16 18 2 4 8 18 2 4 8 16 18 2 4 8 18 2 4 8 16 18 2 4 8 18 2 4 8 16 18 2 4 8 18 2 4 8 16 18 2 4 8 18 2 4 8 16 18 2 4 8 18 2 4 8 


1 19 2 4 8 16 19 2 4 8 19 2 4 8 16 19 2 4 8 19 2 4 8 16 19 2 4 8 19 2 4 8 16 19 2 4 8 19 2 4 8 16 19 2 4 8 19 2 4 8 16 19 2 4 8 19 2 4 8 16 19 2 4 8 19 2 4 8 16 19 2 4 8 19 2 4 8 16 19 2 4 8 19 2 4 8 16 19 2 4 8 19 2 4 8 16 19 2 4 8 19 2 4 8 16 19 2 4 8 


1 20 2 4 8 16 20 2 4 8 20 2 4 8 16 20 2 4 8 20 2 4 8 16 20 2 4 8 20 2 4 8 16 20 2 4 8 20 2 4 8 16 20 2 4 8 20 2 4 8 16 20 2 4 8 20 2 4 8 16 20 2 4 8 20 2 4 8 16 20 2 4 8 20 2 4 8 16 20 2 4 8 20 2 4 8 16 20 2 4 8 20 2 4 8 16 20 2 4 8 20 2 4 8 16 20 2 


1 21 2 4 8 16 21 2 4 8 21 2 4 8 16 21 2 4 8 21 2 4 8 16 21 2 4 8 21 2 4 8 16 21 2 4 8 21 2 4 8 16 21 2 4 8 21 2 4 8 16 21 2 4 8 21 2 4 8 16 21 2 4 8 21 2 4 8 16 21 2 4 8 21 2 4 8 16 21 2 4 8 21 2 4 8 16 21 2 4 8 21 2 4 8 16 21 2 4 8 21 2 4 8 16 


1 22 2 4 8 16 22 2 4 8 22 2 4 8 16 22 2 4 8 22 2 4 8 16 22 2 4 8 22 2 4 8 16 22 2 4 8 22 2 4 8 16 22 2 4 8 22 2 4 8 16 22 2 4 8 22 2 4 8 16 22 2 4 8 22 2 4 8 16 22 2 4 8 22 2 4 8 16 22 2 4 8 22 2 4 8 16 22 2 4 8 22 2 4 8 16 22 2 4 8 22 2 4 


1 23 2 4 8 16 23 2 4 8 23 2 4 8 16 23 2 4 8 23 2 4 8 16 23 2 4 8 23 2 4 8 16 23 2 4 8 23 2 4 8 16 23 2 4 8 23 2 4 8 16 23 2 4 8 23 2 4 8 16 23 2 4 8 23 2 4 8 16 23 2 4 8 23 2 4 8 16 23 2 4 8 23 2 4 8 16 23 2 4 8 23 2 4 8 16 23 2 4 8 


1 24 2 4 8 16 24 2 4 8 24 2 4 8 16 24 2 4 8 24 2 4 8 16 24 2 4 8 24 2 4 8 16 24 2 4 8 24 2 4 8 16 24 2 4 8 24 2 4 8 16 24 2 4 8 24 2 4 8 16 24 2 4 8 24 2 4 8 16 24 2 4 8 24 2 4 8 16 24 2 4 8 24 2 4 8 16 24 2 4 8 24 2 4 8 16 24 


1 25 2 4 8 16 25 2 4 8 25 2 4 8 16 25 2 4 8 25 2 4 8 16 25 2 4 8 25 2 4 8 16 25 2 4 8 25 2 4 8 16 25 2 4 8 25 2 4 8 16 25 2 4 8 25 2 4 8 16 25 2 4 8 25 2 4 8 16 25 2 4 8 25 2 4 8 16 25 2 4 8 25 2 4 8 16 25 2 4 8 25 2 4 8 16 


1 26 2 4 8 16 26 2 4 26 2 4 8 16 26 2 4 26 2 4 8 16 26 2 4 26 2 4 8 16 26 2 4 26 2 4 8 16 26 2 4 26 2 4 8 16 26 2 4 26 2 4 8 16 26 2 4 26 2 4 8 16 26 2 4 26 2 4 8 16 26 2 4 26 2 4 8 16 26 2 4 26 2 4 8 16 26 2 4 26 2 


1 27 2 4 8 16 27 2 4 27 2 4 8 16 27 2 4 27 2 4 8 16 27 2 4 27 2 4 8 16 27 2 4 27 2 4 8 16 27 2 4 27 2 4 8 16 27 2 4 27 2 4 8 16 27 2 4 27 2 4 8 16 27 2 4 27 2 4 8 16 27 2 4 27 2 4 8 16 27 2 4 27 2 4 8 16 27 2 4 


1 28 2 4 8 16 28 2 4 28 2 4 8 16 28 2 4 28 2 4 8 16 28 2 4 28 2 4 8 16 28 2 4 28 2 4 8 16 28 2 4 28 2 4 8 16 28 2 4 28 2 4 8 16 28 2 4 28 2 4 8 16 28 2 4 28 2 4 8 16 28 2 4 28 2 4 8 16 28 2 4 28 2 4 8 16 


1 29 2 4 8 16 29 2 4 29 2 4 8 16 29 2 4 29 2 4 8 16 29 2 4 29 2 4 8 16 29 2 4 29 2 4 8 16 29 2 4 29 2 4 8 16 29 2 4 29 2 4 8 16 29 2 4 29 2 4 8 16 29 2 4 29 2 4 8 16 29 2 4 29 2 4 8 16 29 2 4 29 2 4 8 16 


1 30 2 4 8 16 30 2 30 2 4 8 16 30 2 30 2 4 8 16 30 2 30 2 4 8 16 30 2 30 2 4 8 16 30 2 30 2 4 8 16 30 2 30 2 4 8 16 30 2 30 2 4 8 16 30 2 30 2 4 8 16 30 2 30 2 4 8 16 30 2 30 2 4 8 16 


1 31 2 4 8 16 31 2 31 2 4 8 16 31 2 31 2 4 8 16 31 2 31 2 4 8 16 31 2 31 2 4 8 16 31 2 31 2 4 8 16 31 2 31 2 4 8 16 31 2 31 2 4 8 16 31 2 31 2 4 8 16 31 2 31 2 4 8 16 31 2 31 2 4 8 


1 32 2 4 8 16 32 32 2 4 8 16 32 32 2 4 8 16 32 32 2 4 8 16 32 32 2 4 8 16 32 32 2 4 8 16 32 32 2 4 8 16 32 32 2 4 8 16 32 32 2 4 8 16 32 32 2 4 8 16 32 32 2 4 8 


1 33 2 4 8 16 32 33 2 4 8 16 32 33 2 4 8 16 32 33 2 4 8 16 32 33 2 4 8 16 32 33 2 4 8 16 32 33 2 4 8 16 32 33 2 4 8 16 32 33 2 4 8 16 32 33 2 4 8 16 32 33 2 4 8 


1 34 2 4 8 16 32 34 2 4 8 16 34 2 4 8 16 32 34 2 4 8 16 34 2 4 8 16 32 34 2 4 8 16 34 2 4 8 16 32 34 2 4 8 16 34 2 4 8 16 32 34 2 4 8 16 34 2 4 8 16 32 34 2 4 8 16 34 2 


1 35 2 4 8 16 32 35 2 4 8 16 35 2 4 8 16 32 35 2 4 8 16 35 2 4 8 16 32 35 2 4 8 16 35 2 4 8 16 32 35 2 4 8 16 35 2 4 8 16 32 35 2 4 8 16 35 2 4 8 16 32 35 2 4 8 16 


1 36 2 4 8 16 32 36 2 4 8 16 36 2 4 8 16 32 36 2 4 8 16 36 2 4 8 16 32 36 2 4 8 16 36 2 4 8 16 32 36 2 4 8 16 36 2 4 8 16 32 36 2 4 8 16 36 2 4 8 16 32 36 2 4 8 16 


1 37 2 4 8 16 32 37 2 4 8 16 37 2 4 8 16 32 37 2 4 8 16 37 2 4 8 16 32 37 2 4 8 16 37 2 4 8 16 32 37 2 4 8 16 37 2 4 8 16 32 37 2 4 8 16 37 2 4 8 16 32 37 2 4 8 16 


1 38 2 4 8 16 32 38 2 4 8 16 38 2 4 8 16 32 38 2 4 8 16 38 2 4 8 16 32 38 2 4 8 16 38 2 4 8 16 32 38 2 4 8 16 38 2 4 8 16 32 38 2 4 8 16 38 2 4 8 16 32 38 2 4 8 


1 39 2 4 8 16 32 39 2 4 8 16 39 2 4 8 16 32 39 2 4 8 16 39 2 4 8 16 32 39 2 4 8 16 39 2 4 8 16 32 39 2 4 8 16 39 2 4 8 16 32 39 2 4 8 16 39 2 4 8 16 32 39 2 4 


1 40 2 4 8 16 32 40 2 4 8 16 40 2 4 8 16 32 40 2 4 8 16 40 2 4 8 16 32 40 2 4 8 16 40 2 4 8 16 32 40 2 4 8 16 40 2 4 8 16 32 40 2 4 8 16 40 2 4 8 16 32 


1 41 2 4 8 16 32 41 2 4 8 16 41 2 4 8 16 32 41 2 4 8 16 41 2 4 8 16 32 41 2 4 8 16 41 2 4 8 16 32 41 2 4 8 16 41 2 4 8 16 32 41 2 4 8 16 41 2 4 8 16 32 


1 42 2 4 8 16 32 42 2 4 8 16 42 2 4 8 16 32 42 2 4 8 16 42 2 4 8 16 32 42 2 4 8 16 42 2 4 8 16 32 42 2 4 8 16 42 2 4 8 16 32 42 2 4 8 16 42 2 4 8 16 32 


1 43 2 4 8 16 32 43 2 4 8 16 43 2 4 8 16 32 43 2 4 8 16 43 2 4 8 16 32 43 2 4 8 16 43 2 4 8 16 32 43 2 4 8 16 43 2 4 8 16 32 43 2 4 8 16 43 2 4 8 16 32 


1 44 2 4 8 16 32 44 2 4 8 16 44 2 4 8 16 32 44 2 4 8 16 44 2 4 8 16 32 44 2 4 8 16 44 2 4 8 16 32 44 2 4 8 16 44 2 4 8 16 32 44 2 4 8 16 44 2 4 8 16 


1 45 2 4 8 16 32 45 2 4 8 16 45 2 4 8 16 32 45 2 4 8 16 45 2 4 8 16 32 45 2 4 8 16 45 2 4 8 16 32 45 2 4 8 16 45 2 4 8 16 32 45 2 4 8 16 45 2 4 8 16 


1 46 2 4 8 16 32 46 2 4 8 16 46 2 4 8 16 32 46 2 4 8 16 46 2 4 8 16 32 46 2 4 8 16 46 2 4 8 16 32 46 2 4 8 16 46 2 4 8 16 32 46 2 4 8 16 46 2 4 8 16 


1 47 2 4 8 16 32 47 2 4 8 16 47 2 4 8 16 32 47 2 4 8 16 47 2 4 8 16 32 47 2 4 8 16 47 2 4 8 16 32 47 2 4 8 16 47 2 4 8 16 32 47 2 4 8 16 47 2 4 8 


1 48 2 4 8 16 32 48 2 4 8 16 48 2 4 8 16 32 48 2 4 8 16 48 2 4 8 16 32 48 2 4 8 16 48 2 4 8 16 32 48 2 4 8 16 48 2 4 8 16 32 48 2 4 8 16 48 2 4 


1 49 2 4 8 16 32 49 2 4 8 16 49 2 4 8 16 32 49 2 4 8 16 49 2 4 8 16 32 49 2 4 8 16 49 2 4 8 16 32 49 2 4 8 16 49 2 4 8 16 32 49 2 4 8 16 49 


1 50 2 4 8 16 32 50 2 4 8 50 2 4 8 16 32 50 2 4 8 50 2 4 8 16 32 50 2 4 8 50 2 4 8 16 32 50 2 4 8 50 2 4 8 16 32 50 2 4 8 50 2 4 8 16 32 


1 51 2 4 8 16 32 51 2 4 8 51 2 4 8 16 32 51 2 4 8 51 2 4 8 16 32 51 2 4 8 51 2 4 8 16 32 51 2 4 8 51 2 4 8 16 32 51 2 4 8 51 2 4 8 16 


1 52 2 4 8 16 32 52 2 4 8 52 2 4 8 16 32 52 2 4 8 52 2 4 8 16 32 52 2 4 8 52 2 4 8 16 32 52 2 4 8 52 2 4 8 16 32 52 2 4 8 52 2 4 8 16 


1 53 2 4 8 16 32 53 2 4 8 53 2 4 8 16 32 53 2 4 8 53 2 4 8 16 32 53 2 4 8 53 2 4 8 16 32 53 2 4 8 53 2 4 8 16 32 53 2 4 8 53 2 4 8 16 


1 54 2 4 8 16 32 54 2 4 8 54 2 4 8 16 32 54 2 4 8 54 2 4 8 16 32 54 2 4 8 54 2 4 8 16 32 54 2 4 8 54 2 4 8 16 32 54 2 4 8 54 2 4 8 


1 55 2 4 8 16 32 55 2 4 8 55 2 4 8 16 32 55 2 4 8 55 2 4 8 16 32 55 2 4 8 55 2 4 8 16 32 55 2 4 8 55 2 4 8 16 32 55 2 4 8 55 2 4 8 


1 56 2 4 8 16 32 56 2 4 8 56 2 4 8 16 32 56 2 4 8 56 2 4 8 16 32 56 2 4 8 56 2 4 8 16 32 56 2 4 8 56 2 4 8 16 32 56 2 4 8 56 2 


1 57 2 4 8 16 32 57 2 4 8 57 2 4 8 16 32 57 2 4 8 57 2 4 8 16 32 57 2 4 8 57 2 4 8 16 32 57 2 4 8 57 2 4 8 16 32 57 2 4 8 


1 58 2 4 8 16 32 58 2 4 58 2 4 8 16 32 58 2 4 58 2 4 8 16 32 58 2 4 58 2 4 8 16 32 58 2 4 58 2 4 8 16 32 58 2 4 58 2 4 8 


1 59 2 4 8 16 32 59 2 4 59 2 4 8 16 32 59 2 4 59 2 4 8 16 32 59 2 4 59 2 4 8 16 32 59 2 4 59 2 4 8 16 32 59 2 4 59 2 4 


1 60 2 4 8 16 32 60 2 4 60 2 4 8 16 32 60 2 4 60 2 4 8 16 32 60 2 4 60 2 4 8 16 32 60 2 4 60 2 4 8 16 32 60 2 4 


1 61 2 4 8 16 32 61 2 4 61 2 4 8 16 32 61 2 4 61 2 4 8 16 32 61 2 4 61 2 4 8 16 32 61 2 4 61 2 4 8 16 32 61 2 4 


1 62 2 4 8 16 32 62 2 62 2 4 8 16 32 62 2 62 2 4 8 16 32 62 2 62 2 4 8 16 32 62 2 62 2 4 8 16 32 62 2 


1 63 2 4 8 16 32 63 2 63 2 4 8 16 32 63 2 63 2 4 8 16 32 63 2 63 2 4 8 16 32 63 2 63 2 4 8 16 32 63 2 


1 64 2 4 8 16 32 64 64 2 4 8 16 32 64 64 2 4 8 16 32 64 64 2 4 8 16 32 64 64 2 4 8 16 32 64 


1 65 2 4 8 16 32 64 65 2 4 8 16 32 64 65 2 4 8 16 32 64 65 2 4 8 16 32 64 65 2 4 8 16 32 64 


1 66 2 4 8 16 32 64 66 2 4 8 16 32 66 2 4 8 16 32 64 66 2 4 8 16 32 66 2 4 8 16 32 64 66 2 4 8 16 32 


1 67 2 4 8 16 32 64 67 2 4 8 16 32 67 2 4 8 16 32 64 67 2 4 8 16 32 67 2 4 8 16 32 64 67 2 4 8 16 32 


1 68 2 4 8 16 32 64 68 2 4 8 16 32 68 2 4 8 16 32 64 68 2 4 8 16 32 68 2 4 8 16 32 64 68 2 4 8 16 32 


1 69 2 4 8 16 32 64 69 2 4 8 16 32 69 2 4 8 16 32 64 69 2 4 8 16 32 69 2 4 8 16 32 64 69 2 4 8 16 32 


1 70 2 4 8 16 32 64 70 2 4 8 16 32 70 2 4 8 16 32 64 70 2 4 8 16 32 70 2 4 8 16 32 64 70 2 4 8 16 32 


1 71 2 4 8 16 32 64 71 2 4 8 16 32 71 2 4 8 16 32 64 71 2 4 8 16 32 71 2 4 8 16 32 64 71 2 4 8 16 32 


1 72 2 4 8 16 32 64 72 2 4 8 16 32 72 2 4 8 16 32 64 72 2 4 8 16 32 72 2 4 8 16 32 64 72 2 4 8 16 32 


1 73 2 4 8 16 32 64 73 2 4 8 16 32 73 2 4 8 16 32 64 73 2 4 8 16 32 73 2 4 8 16 32 64 73 2 4 8 16 


1 74 2 4 8 16 32 64 74 2 4 8 16 32 74 2 4 8 16 32 64 74 2 4 8 16 32 74 2 4 8 16 32 64 74 2 4 8 16 


1 75 2 4 8 16 32 64 75 2 4 8 16 32 75 2 4 8 16 32 64 75 2 4 8 16 32 75 2 4 8 16 32 64 75 2 4 8 16 


1 76 2 4 8 16 32 64 76 2 4 8 16 32 76 2 4 8 16 32 64 76 2 4 8 16 32 76 2 4 8 16 32 64 76 2 4 8 16 


1 77 2 4 8 16 32 64 77 2 4 8 16 32 77 2 4 8 16 32 64 77 2 4 8 16 32 77 2 4 8 16 32 64 77 2 4 8 16 


1 78 2 4 8 16 32 64 78 2 4 8 16 32 78 2 4 8 16 32 64 78 2 4 8 16 32 78 2 4 8 16 32 64 78 2 4 8 


1 79 2 4 8 16 32 64 79 2 4 8 16 32 79 2 4 8 16 32 64 79 2 4 8 16 32 79 2 4 8 16 32 64 79 2 4 8 


1 80 2 4 8 16 32 64 80 2 4 8 16 32 80 2 4 8 16 32 64 80 2 4 8 16 32 80 2 4 8 16 32 64 80 2 4 8 


1 81 2 4 8 16 32 64 81 2 4 8 16 32 81 2 4 8 16 32 64 81 2 4 8 16 32 81 2 4 8 16 32 64 81 2 4 


1 82 2 4 8 16 32 64 82 2 4 8 16 32 82 2 4 8 16 32 64 82 2 4 8 16 32 82 2 4 8 16 32 64 82 2 


1 83 2 4 8 16 32 64 83 2 4 8 16 32 83 2 4 8 16 32 64 83 2 4 8 16 32 83 2 4 8 16 32 64 


1 84 2 4 8 16 32 64 84 2 4 8 16 32 84 2 4 8 16 32 64 84 2 4 8 16 32 84 2 4 8 16 32 64 


1 85 2 4 8 16 32 64 85 2 4 8 16 32 85 2 4 8 16 32 64 85 2 4 8 16 32 85 2 4 8 16 32 64 


1 86 2 4 8 16 32 64 86 2 4 8 16 32 86 2 4 8 16 32 64 86 2 4 8 16 32 86 2 4 8 16 32 64 


1 87 2 4 8 16 32 64 87 2 4 8 16 32 87 2 4 8 16 32 64 87 2 4 8 16 32 87 2 4 8 16 32 64 


1 88 2 4 8 16 32 64 88 2 4 8 16 32 88 2 4 8 16 32 64 88 2 4 8 16 32 88 2 4 8 16 32 64 


1 89 2 4 8 16 32 64 89 2 4 8 16 32 89 2 4 8 16 32 64 89 2 4 8 16 32 89 2 4 8 16 32 64 


1 90 2 4 8 16 32 64 90 2 4 8 16 32 90 2 4 8 16 32 64 90 2 4 8 16 32 90 2 4 8 16 32 64 


1 91 2 4 8 16 32 64 91 2 4 8 16 32 91 2 4 8 16 32 64 91 2 4 8 16 32 91 2 4 8 16 32 64 


1 92 2 4 8 16 32 64 92 2 4 8 16 32 92 2 4 8 16 32 64 92 2 4 8 16 32 92 2 4 8 16 32 64 


1 93 2 4 8 16 32 64 93 2 4 8 16 32 93 2 4 8 16 32 64 93 2 4 8 16 32 93 2 4 8 16 32 64 


1 94 2 4 8 16 32 64 94 2 4 8 16 32 94 2 4 8 16 32 64 94 2 4 8 16 32 94 2 4 8 16 32 64 


1 95 2 4 8 16 32 64 95 2 4 8 16 32 95 2 4 8 16 32 64 95 2 4 8 16 32 95 2 4 8 16 32 64 


1 96 2 4 8 16 32 64 96 2 4 8 16 32 96 2 4 8 16 32 64 96 2 4 8 16 32 96 2 4 8 16 32 64 


1 97 2 4 8 16 32 64 97 2 4 8 16 32 97 2 4 8 16 32 64 97 2 4 8 16 32 97 2 4 8 16 32 64 


1 98 2 4 8 16 32 64 98 2 4 8 16 98 2 4 8 16 32 64 98 2 4 8 16 98 2 4 8 16 32 64 


1 99 2 4 8 16 32 64 99 2 4 8 16 99 2 4 8 16 32 64 99 2 4 8 16 99 2 4 8 16 32 64 


1 100 2 4 8 16 32 64 100 2 4 8 16 100 2 4 8 16 32 64 100 2 4 8 16 100 2 4 8 16 32 64 


1 101 2 4 8 16 32 64 101 2 4 8 16 101 2 4 8 16 32 64 101 2 4 8 16 101 2 4 8 16 32 64 


1 102 2 4 8 16 32 64 102 2 4 8 16 102 2 4 8 16 32 64 102 2 4 8 16 102 2 4 8 16 32 64 


