1 -1
2 0
3 1
4 2
5 -1
6 4
7 -1
8 0
9 1
10 8
11 -1
12 0
13 1
14 2
15 -1
16 4
17 -1
18 0
19 1
20 18
21 -1
22 0
23 1
24 2
25 -1
26 4
27 -1
28 0
29 1
30 8
31 -1
32 0
33 1
34 2
35 -1
36 4
37 -1
38 0
39 1
40 38
41 -1
42 0
43 1
44 2
45 -1
46 4
47 -1
48 0
49 1
50 8
51 -1
52 0
53 1
54 2
55 -1
56 4
57 -1
58 0
59 1
60 18
61 -1
62 0
63 1
64 2
65 -1
66 4
67 -1
68 0
69 1
70 8
71 -1
72 0
73 1
74 2
75 -1
76 4
77 -1
78 0
79 1
80 78
81 -1
82 0
83 1
84 2
85 -1
86 4
87 -1
88 0
89 1
90 8
91 -1
92 0
93 1
94 2
95 -1
96 4
97 -1
98 0
99 1
100 18
