1 -2
2 -1
3 0
4 1
5 2
6 -2
7 4
8 -2
9 -1
10 0
11 8
12 -2
13 -1
14 0
15 1
16 2
17 -2
18 4
19 -2
20 -1
21 0
22 19
23 -2
24 -1
25 0
26 1
27 2
28 -2
29 4
30 -2
31 -1
32 0
33 8
34 -2
35 -1
36 0
37 1
38 2
39 -2
40 4
41 -2
42 -1
43 0
44 41
45 -2
46 -1
47 0
48 1
49 2
50 -2
51 4
52 -2
53 -1
54 0
55 8
56 -2
57 -1
58 0
59 1
60 2
61 -2
62 4
63 -2
64 -1
65 0
66 19
67 -2
68 -1
69 0
70 1
71 2
72 -2
73 4
74 -2
75 -1
76 0
77 8
78 -2
79 -1
80 0
81 1
82 2
83 -2
84 4
85 -2
86 -1
87 0
88 85
89 -2
90 -1
91 0
92 1
93 2
94 -2
95 4
96 -2
97 -1
98 0
99 8
100 -2
