1 -3
2 -2
3 -1
4 0
5 1
6 2
7 -3
8 4
9 -3
10 -2
11 -1
12 8
13 -3
14 -2
15 -1
16 0
17 1
18 2
19 -3
20 16
21 -3
22 -2
23 -1
24 0
25 1
26 2
27 -3
28 4
29 -3
30 -2
31 -1
32 8
33 -3
34 -2
35 -1
36 0
37 1
38 2
39 -3
40 36
41 -3
42 -2
43 -1
44 0
45 1
46 2
47 -3
48 4
49 -3
50 -2
51 -1
52 8
53 -3
54 -2
55 -1
56 0
57 1
58 2
59 -3
60 16
61 -3
62 -2
63 -1
64 0
65 1
66 2
67 -3
68 4
69 -3
70 -2
71 -1
72 8
73 -3
74 -2
75 -1
76 0
77 1
78 2
79 -3
80 76
81 -3
82 -2
83 -1
84 0
85 1
86 2
87 -3
88 4
89 -3
90 -2
91 -1
92 8
93 -3
94 -2
95 -1
96 0
97 1
98 2
99 -3
100 16
