1 -4
2 -3
3 -2
4 -1
5 0
6 1
7 2
8 -4
9 4
10 -4
11 -3
12 -2
13 8
14 -4
15 -3
16 -2
17 -1
18 0
19 1
20 2
21 -4
22 17
23 -4
24 -3
25 -2
26 -1
27 0
28 1
29 2
30 -4
31 4
32 -4
33 -3
34 -2
35 8
36 -4
37 -3
38 -2
39 -1
40 0
41 1
42 2
43 -4
44 39
45 -4
46 -3
47 -2
48 -1
49 0
50 1
51 2
52 -4
53 4
54 -4
55 -3
56 -2
57 8
58 -4
59 -3
60 -2
61 -1
62 0
63 1
64 2
65 -4
66 17
67 -4
68 -3
69 -2
70 -1
71 0
72 1
73 2
74 -4
75 4
76 -4
77 -3
78 -2
79 8
80 -4
81 -3
82 -2
83 -1
84 0
85 1
86 2
87 -4
88 83
89 -4
90 -3
91 -2
92 -1
93 0
94 1
95 2
96 -4
97 4
98 -4
99 -3
100 -2
